<?xml version="1.0" encoding="utf-8" standalone="no"?>
<!--This file represents the results of running a test suite-->
<test-results name="\\edunet\dfs\home09\ht12\patmah121\My Documents\Visual Studio 2013\Projects\SimhoppSolution\simhopp_TEST\bin\Debug\simhopp_TEST.dll" total="1" errors="0" failures="0" not-run="0" inconclusive="0" ignored="0" skipped="0" invalid="0" date="2015-01-30" time="10:48:18">
  <environment nunit-version="2.5.10.11092" clr-version="4.0.30319.34209" os-version="Microsoft Windows NT 6.2.9200.0" platform="Win32NT" cwd="C:\Program Files (x86)\Microsoft Visual Studio 12.0\Common7\IDE" machine-name="T006E007718" user="patmah121" user-domain="EDUNET" />
  <culture-info current-culture="sv-SE" current-uiculture="en-US" />
  <test-suite type="Assembly" name="\\edunet\dfs\home09\ht12\patmah121\My Documents\Visual Studio 2013\Projects\SimhoppSolution\simhopp_TEST\bin\Debug\simhopp_TEST.dll" executed="True" result="Success" success="True" time="0.177" asserts="0">
    <results>
      <test-suite type="Namespace" name="simhopp_TEST" executed="True" result="Success" success="True" time="0.175" asserts="0">
        <results>
          <test-suite type="TestFixture" name="Class1" executed="True" result="Success" success="True" time="0.170" asserts="0">
            <results>
              <test-case name="simhopp_TEST.Class1.PoangSumma" executed="True" result="Success" success="True" time="0.166" asserts="2" />
            </results>
          </test-suite>
        </results>
      </test-suite>
    </results>
  </test-suite>
</test-results>