<?xml version="1.0" encoding="utf-8" standalone="no"?>
<!--This file represents the results of running a test suite-->
<test-results name="C:\Users\Joakim\Desktop\SimhoppSolution\SimhoppSolution\simhopp_TEST\bin\Debug\simhopp_TEST.dll" total="8" errors="0" failures="0" not-run="0" inconclusive="0" ignored="0" skipped="0" invalid="0" date="2015-02-04" time="12:21:45">
  <environment nunit-version="2.5.10.11092" clr-version="4.0.30319.34209" os-version="Microsoft Windows NT 6.2.9200.0" platform="Win32NT" cwd="C:\Users\Joakim\Desktop\SimhoppSolution\SimhoppSolution" machine-name="JOAKIM-AIR" user="Joakim" user-domain="JOAKIM-AIR" />
  <culture-info current-culture="sv-SE" current-uiculture="sv-SE" />
  <test-suite type="Assembly" name="C:\Users\Joakim\Desktop\SimhoppSolution\SimhoppSolution\simhopp_TEST\bin\Debug\simhopp_TEST.dll" executed="True" result="Success" success="True" time="0.084" asserts="0">
    <results>
      <test-suite type="Namespace" name="simhopp_TEST" executed="True" result="Success" success="True" time="0.080" asserts="0">
        <results>
          <test-suite type="TestFixture" name="Hopplisttest" executed="True" result="Success" success="True" time="0.065" asserts="0">
            <results>
              <test-case name="simhopp_TEST.Hopplisttest.AntalHoppSumma" executed="True" result="Success" success="True" time="0.024" asserts="1" />
              <test-case name="simhopp_TEST.Hopplisttest.poangSumma" executed="True" result="Success" success="True" time="0.004" asserts="1" />
              <test-case name="simhopp_TEST.Hopplisttest.svarighetsgradSumma" executed="True" result="Success" success="True" time="0.000" asserts="1" />
              <test-case name="simhopp_TEST.Hopplisttest.utraknadPoangSumma" executed="True" result="Success" success="True" time="0.000" asserts="1" />
            </results>
          </test-suite>
          <test-suite type="TestFixture" name="Hopptest" executed="True" result="Success" success="True" time="0.016" asserts="0">
            <results>
              <test-case name="simhopp_TEST.Hopptest.PoangSummor" executed="True" result="Success" success="True" time="0.000" asserts="2" />
              <test-case name="simhopp_TEST.Hopptest.TotalSumma" executed="True" result="Success" success="True" time="0.000" asserts="1" />
            </results>
          </test-suite>
          <test-suite type="TestFixture" name="tavlingsTest" executed="True" result="Success" success="True" time="0.000" asserts="0">
            <results>
              <test-case name="simhopp_TEST.tavlingsTest.AntalTavlande" executed="True" result="Success" success="True" time="0.000" asserts="1" />
              <test-case name="simhopp_TEST.tavlingsTest.sortTavlande" executed="True" result="Success" success="True" time="0.000" asserts="2" />
            </results>
          </test-suite>
        </results>
      </test-suite>
    </results>
  </test-suite>
</test-results>